<?xml version="1.0" encoding="UTF-8"?>
<!-- Generated by org.testng.reporters.JUnitXMLReporter -->
<testsuite ignored="2" hostname="PANINI18" failures="0" tests="1" name="Default test" time="20.805" errors="0" timestamp="2025-05-15T16:51:12 IST">
  <testcase classname="correcthealth.correcthealth.Vendorsmodule" name="Search" time="20.769"/>
  <testcase classname="correcthealth.correcthealth.Vendorsmodule" name="f" time="0.0">
    <ignored/>
  </testcase> <!-- f -->
  <testcase classname="correcthealth.correcthealth.Vendorsmodule" name="Edit" time="0.0">
    <ignored/>
  </testcase> <!-- Edit -->
</testsuite> <!-- Default test -->
