<?xml version="1.0" encoding="UTF-8"?>
<testng-results ignored="0" total="1" passed="1" failed="0" skipped="0">
  <reporter-output>
  </reporter-output>
  <suite started-at="2025-05-15T16:50:51 IST" name="Default suite" finished-at="2025-05-15T16:51:12 IST" duration-ms="20805">
    <groups>
    </groups>
    <test started-at="2025-05-15T16:50:51 IST" name="Default test" finished-at="2025-05-15T16:51:12 IST" duration-ms="20805">
      <class name="correcthealth.correcthealth.Vendorsmodule">
        <test-method signature="Search()[pri:0, instance:correcthealth.correcthealth.Vendorsmodule@58fb7731]" started-at="2025-05-15T16:50:51 IST" name="Search" finished-at="2025-05-15T16:51:12 IST" duration-ms="20769" status="PASS">
          <reporter-output>
          </reporter-output>
        </test-method> <!-- Search -->
      </class> <!-- correcthealth.correcthealth.Vendorsmodule -->
    </test> <!-- Default test -->
  </suite> <!-- Default suite -->
</testng-results>
