<?xml version="1.0" encoding="UTF-8"?>
<testng-results ignored="0" total="1" passed="1" failed="0" skipped="0">
  <reporter-output>
  </reporter-output>
  <suite started-at="2025-06-02T10:50:35 IST" name="Default suite" finished-at="2025-06-02T10:50:51 IST" duration-ms="15642">
    <groups>
    </groups>
    <test started-at="2025-06-02T10:50:35 IST" name="Default test" finished-at="2025-06-02T10:50:51 IST" duration-ms="15642">
      <class name="correcthealth.correcthealth.Vendorreport">
        <test-method signature="f()[pri:0, instance:correcthealth.correcthealth.Vendorreport@5ee2b6f9]" started-at="2025-06-02T10:50:35 IST" name="f" finished-at="2025-06-02T10:50:51 IST" duration-ms="15615" status="PASS">
          <reporter-output>
          </reporter-output>
        </test-method> <!-- f -->
      </class> <!-- correcthealth.correcthealth.Vendorreport -->
    </test> <!-- Default test -->
  </suite> <!-- Default suite -->
</testng-results>
